  CHK     include/linux/version.h
  HOSTCC  scripts/basic/fixdep
  HOSTCC  scripts/basic/docproc
  HOSTCC  scripts/basic/hash
  CHK     include/generated/utsrelease.h
  HOSTCC  scripts/kallsyms
  HOSTCC  scripts/bin2c
  CC      scripts/mod/empty.o
  HOSTCC  scripts/mod/mk_elfconfig
  MKELF   scripts/mod/elfconfig.h
  HOSTCC  scripts/mod/file2alias.o
  HOSTCC  scripts/mod/modpost.o
  HOSTCC  scripts/mod/sumversion.o
make[1]: `include/generated/mach-types.h' is up to date.
  CC      kernel/bounds.s
  GEN     include/generated/bounds.h
  CC      arch/arm/kernel/asm-offsets.s
  GEN     include/generated/asm-offsets.h
  CALL    scripts/checksyscalls.sh
  HOSTLD  scripts/mod/modpost
  CHK     include/generated/compile.h
  CC      init/main.o
  CC      init/do_mounts.o
  CC      init/do_mounts_initrd.o
  CC      init/initramfs.o
  CC      init/calibrate.o
  HOSTCC  usr/gen_init_cpio
  CC      init/version.o
  CC      arch/arm/kernel/compat.o
  CC      arch/arm/kernel/elf.o
  AS      arch/arm/kernel/entry-armv.o
  GEN     usr/initramfs_data.cpio
  CC      arch/arm/mm/dma-mapping.o
  CC      arch/arm/mm/extable.o
  AS      usr/initramfs_data.o
  CC      arch/arm/mm/fault.o
  LD      usr/built-in.o
  CC      arch/arm/mm/init.o
  AS      arch/arm/kernel/entry-common.o
  CC      arch/arm/kernel/irq.o
  CC      arch/arm/common/clkdev.o
  CC      arch/arm/kernel/process.o
  CC      arch/arm/kernel/ptrace.o
  LD      init/mounts.o
  LD      arch/arm/common/built-in.o
  LD      init/built-in.o
  CC      arch/arm/kernel/return_address.o
  CC      arch/arm/kernel/setup.o
  CC      arch/arm/mach-msm/io.o
  CC      arch/arm/mach-msm/dma.o
  CC      arch/arm/vfp/vfpmodule.o
  CC      kernel/sched.o
  CC      kernel/fork.o
  CC      kernel/exec_domain.o
  CC      kernel/panic.o
  CC      arch/arm/mm/iomap.o
  AS      arch/arm/vfp/entry.o
  AS      arch/arm/vfp/vfphw.o
  CC      arch/arm/vfp/vfpsingle.o
  CC      arch/arm/mach-msm/memory.o
  CC      arch/arm/mach-msm/timer.o
  CC      arch/arm/mach-msm/clock.o
  CC      arch/arm/mm/fault-armv.o
  CC      arch/arm/kernel/signal.o
  CC      mm/bootmem.o
  CC      arch/arm/mm/flush.o
  CC      arch/arm/kernel/sys_arm.o
  CC      arch/arm/vfp/vfpdouble.o
  CC      arch/arm/mach-msm/irq.o
  CC      mm/filemap.o
  CC      arch/arm/mach-msm/devices.o
  CC      mm/mempool.o
  CC      arch/arm/kernel/stacktrace.o
  CC      arch/arm/mm/ioremap.o
  CC      kernel/printk.o
  CC      arch/arm/kernel/time.o
  CC      arch/arm/mach-msm/pmic.o
  CC      arch/arm/mm/mmap.o
  CC      kernel/cpu.o
  CC      arch/arm/kernel/traps.o
  LD      arch/arm/vfp/vfp.o
  LD      arch/arm/vfp/built-in.o
  CC      kernel/exit.o
  CC      arch/arm/mm/pgd.o
  CC      mm/oom_kill.o
  CC      arch/arm/mach-msm/vreg.o
  CC      arch/arm/mm/mmu.o
  CC      arch/arm/mach-msm/pwrtest.o
  CC      arch/arm/kernel/armksyms.o
  CC      arch/arm/mach-msm/sirc.o
  CC      arch/arm/mm/vmregion.o
  CC      mm/fadvise.o
  CC      arch/arm/mm/proc-syms.o
  CC      arch/arm/kernel/module.o
  CC      mm/maccess.o
  CC      arch/arm/mach-msm/proc_comm.o
  CC      arch/arm/mm/alignment.o
  CC      mm/page_alloc.o
  CC      mm/page-writeback.o
  AS      arch/arm/mach-msm/arch-init-scorpion.o
  CC      arch/arm/mach-msm/acpuclock-scorpion.o
  CC      arch/arm/kernel/thumbee.o
  AS      arch/arm/mach-msm/idle-v7.o
  CC      arch/arm/kernel/pmu.o
  CC      kernel/itimer.o
  CC      arch/arm/mach-msm/msm_fault_handlers.o
  CC      arch/arm/mm/highmem.o
  CC      arch/arm/kernel/io.o
  TIMEC   kernel/timeconst.h
  CC      mm/readahead.o
  CC      arch/arm/mach-msm/nand_partitions.o
  AS      arch/arm/kernel/head.o
  CC      arch/arm/kernel/init_task.o
  CC      mm/swap.o
  AS      arch/arm/mm/abort-ev7.o
  AS      arch/arm/mm/pabort-v7.o
  AS      arch/arm/mm/cache-v7.o
  CC      arch/arm/mm/copypage-v6.o
  CC      arch/arm/mach-msm/drv_callback.o
  CC      arch/arm/mach-msm/radio_feedback.o
  CC      kernel/softirq.o
  LDS     arch/arm/kernel/vmlinux.lds
  CC      kernel/resource.o
  LD      arch/arm/kernel/built-in.o
  CC      arch/arm/mach-msm/htc_wifi_nvs.o
  CC      fs/open.o
  CC      arch/arm/mm/context.o
  AS      arch/arm/mm/tlb-v7.o
  CC      kernel/sysctl.o
  CC      kernel/sysctl_binary.o
  CC      arch/arm/mach-msm/htc_bluetooth.o
  AS      arch/arm/mm/proc-v7.o
  LD      arch/arm/mm/built-in.o
  AS      arch/arm/mach-msm/fiq_glue.o
  CC      arch/arm/mach-msm/remote_spinlock.o
  CC      kernel/capability.o
  CC      mm/truncate.o
  CC      arch/arm/mach-msm/htc_port_list.o
  CC      arch/arm/mach-msm/smd.o
  CC      arch/arm/mach-msm/smd_debug.o
  CC      fs/read_write.o
  CC      mm/vmscan.o
  LD      ipc/built-in.o
  CC      security/commoncap.o
  CC      mm/shmem.o
  CC      arch/arm/mach-msm/smem_log.o
  CC      arch/arm/mach-msm/last_radio_log.o
  CC      kernel/ptrace.o
  CC      arch/arm/mach-msm/smd_rpcrouter_device.o
  CC      fs/file_table.o
  CC      arch/arm/mach-msm/smd_rpcrouter.o
  CC      security/min_addr.o
  CC      arch/arm/mach-msm/smd_rpcrouter_servers.o
  CC      kernel/timer.o
  LD      security/built-in.o
  CC      fs/super.o
  CC      fs/char_dev.o
  CC      crypto/api.o
  CC      block/elevator.o
  CC      crypto/cipher.o
  CC      crypto/compress.o
  CC      arch/arm/mach-msm/smd_rpcrouter_xdr.o
  CC      crypto/algapi.o
  CC      mm/prio_tree.o
  CC      fs/stat.o
  CC      mm/util.o
  CC      mm/mmzone.o
  CC      kernel/user.o
  CC      kernel/signal.o
  CC      arch/arm/mach-msm/rpc_server_dog_keepalive.o
  CC      arch/arm/mach-msm/rpc_server_time_remote.o
  CC      arch/arm/mach-msm/smd_tty.o
  CC      mm/vmstat.o
  CC      crypto/scatterwalk.o
  CC      crypto/proc.o
  CC      block/blk-core.o
  CC      fs/exec.o
  CC      crypto/ablkcipher.o
  CC      arch/arm/mach-msm/smd_qmi.o
  CC      crypto/blkcipher.o
  CC      crypto/ahash.o
  CC      mm/backing-dev.o
  CC      mm/page_isolation.o
  CC      arch/arm/mach-msm/dal.o
  CC      crypto/shash.o
  CC      arch/arm/mach-msm/qdsp6/dal.o
  CC      arch/arm/mach-msm/qdsp6/q6audio.o
  CC      mm/mm_init.o
  CC      kernel/sys.o
  CC      block/blk-tag.o
  CC      mm/mmu_context.o
  CC      fs/pipe.o
  CC      fs/namei.o
  CC      crypto/algboss.o
  CC      mm/fremap.o
  CC      arch/arm/mach-msm/qdsp6/pcm_out.o
  CC      block/blk-sysfs.o
  CC      mm/highmem.o
  CC      crypto/testmgr.o
  CC      mm/madvise.o
  CC      arch/arm/mach-msm/qdsp6/pcm_in.o
  CC      arch/arm/mach-msm/qdsp6/mp3.o
  CC      kernel/kmod.o
  CC      block/blk-barrier.o
  CC      arch/arm/mach-msm/qdsp6/routing.o
  CC      arch/arm/mach-msm/pm.o
  CC      mm/memory.o
  CC      arch/arm/mach-msm/cpufreq.o
  CC      kernel/workqueue.o
  CC      arch/arm/mach-msm/qdsp6/audio_ctl.o
  CC      block/blk-settings.o
  CC      arch/arm/mach-msm/htc_acoustic_qsd.o
  CC      arch/arm/mach-msm/qdsp6/msm_q6vdec.o
  CC      fs/fcntl.o
  CC      arch/arm/mach-msm/qdsp6/msm_q6venc.o
  CC      kernel/pid.o
  CC      block/blk-ioc.o
  CC      arch/arm/mach-msm/board-incrediblec.o
  CC      crypto/crypto_wq.o
  LD      crypto/crypto_algapi.o
  CC      crypto/aead.o
  CC      arch/arm/mach-msm/board-incrediblec-panel.o
  CC      block/blk-map.o
  CC      fs/ioctl.o
  CC      kernel/rcupdate.o
  CC      arch/arm/mach-msm/qdsp6/aac_in.o
  CC      mm/mincore.o
  CC      block/blk-exec.o
  CC      kernel/extable.o
  LD      crypto/crypto_blkcipher.o
  CC      crypto/chainiv.o
  CC      crypto/eseqiv.o
  CC      arch/arm/mach-msm/qdsp6/qcelp_in.o
  LD      crypto/crypto_hash.o
  CC      fs/readdir.o
  CC      fs/select.o
  CC      kernel/params.o
  CC      fs/fifo.o
  CC      mm/mlock.o
  CC      block/blk-merge.o
  CC      crypto/pcompress.o
  LD      arch/arm/mach-msm/qdsp6/built-in.o
  LD      crypto/cryptomgr.o
  CC      arch/arm/mach-msm/board-incrediblec-tv.o
  CC      crypto/hmac.o
  CC      fs/dcache.o
  CC      kernel/posix-timers.o
  CC      block/blk-softirq.o
  CC      fs/inode.o
  CC      mm/mmap.o
  CC      crypto/md5.o
  CC      fs/attr.o
  CC      block/blk-timeout.o
  CC      arch/arm/mach-msm/board-incrediblec-keypad.o
  CC      crypto/sha1_generic.o
  CC      crypto/ecb.o
  CC      kernel/kthread.o
  CC      mm/mprotect.o
  CC      block/blk-iopoll.o
  CC      crypto/cbc.o
  CC      kernel/wait.o
  CC      arch/arm/mach-msm/board-incrediblec-mmc.o
  CC      mm/mremap.o
  CC      block/blk-lib.o
  CC      fs/bad_inode.o
  CC      crypto/des_generic.o
  CC      fs/file.o
  CC      mm/msync.o
  CC      kernel/kfifo.o
  CC      fs/filesystems.o
  CC      mm/rmap.o
  CC      mm/vmalloc.o
  CC      block/ioctl.o
  CC      fs/namespace.o
  CC      arch/arm/mach-msm/board-incrediblec-rfkill.o
  CC      kernel/sys_ni.o
  CC      kernel/posix-cpu-timers.o
  CC      fs/seq_file.o
  CC      block/genhd.o
  CC      crypto/twofish.o
  CC      mm/pagewalk.o
  CC      arch/arm/mach-msm/board-incrediblec-audio.o
  CC      fs/xattr.o
  CC      kernel/mutex.o
  CC      crypto/twofish_common.o
  CC      mm/init-mm.o
  CC      mm/bounce.o
  CC      arch/arm/mach-msm/board-incrediblec-wifi.o
  CC      mm/dmapool.o
  CC      block/scsi_ioctl.o
  CC      fs/libfs.o
  CC      kernel/hrtimer.o
  CC      fs/fs-writeback.o
  CC      mm/ashmem.o
  CC      mm/slab.o
  CC      crypto/aes_generic.o
  CC      block/noop-iosched.o
  CC      arch/arm/mach-msm/htc_awb_cal.o
  CC      mm/percpu_up.o
  CC      kernel/rwsem.o
  CC      block/deadline-iosched.o
  CC      fs/pnode.o
  CC      arch/arm/mach-msm/board-incrediblec-microp.o
  CC      fs/drop_caches.o
  CC      fs/splice.o
  CC      kernel/nsproxy.o
  CC      kernel/srcu.o
  CC      kernel/semaphore.o
  CC      block/cfq-iosched.o
  CC      kernel/notifier.o
  CC      arch/arm/mach-msm/proc_engineerid.o
  CC      crypto/arc4.o
  CC      mm/kmemleak.o
  CC      arch/arm/mach-msm/msm_vibrator.o
  CC      arch/arm/mach-msm/devices_htc.o
  CC      fs/sync.o
  CC      crypto/deflate.o
  CC      kernel/ksysfs.o
  LD      drivers/auxdisplay/built-in.o
  CC      drivers/base/core.o
  CC      kernel/pm_qos_params.o
  CC      fs/utimes.o
  CC      crypto/crc32c.o
  CC      fs/stack.o
  CC      arch/arm/mach-msm/msm_flashlight.o
  CC      crypto/authenc.o
  CC      fs/fs_struct.o
  CC      fs/statfs.o
  CC      kernel/sched_clock.o
  CC      kernel/cred.o
  LD      mm/built-in.o
  CC      fs/buffer.o
  CC      drivers/base/sys.o
  CC      arch/arm/mach-msm/htc_battery.o
  LD      sound/built-in.o
  CC      drivers/base/bus.o
  CC      drivers/base/dd.o
  CC      crypto/rng.o
  LD      block/built-in.o
  CC      drivers/base/driver.o
  CC      kernel/async.o
  CC      fs/bio.o
  CC      crypto/krng.o
  CC      fs/block_dev.o
  CC      fs/direct-io.o
  LD      crypto/crypto.o
  LD      crypto/built-in.o
  CC      drivers/base/class.o
  CC      drivers/block/loop.o
  CC      kernel/range.o
  CC      kernel/groups.o
  CC      drivers/base/platform.o
  CC      drivers/bluetooth/hci_ldisc.o
  LD      drivers/cdrom/built-in.o
  CC      drivers/base/cpu.o
  CC      kernel/freezer.o
  CC      drivers/base/firmware.o
  CC      arch/arm/mach-msm/atmega_microp_common.o
  CC      drivers/char/mem.o
  LD      drivers/clocksource/built-in.o
  CC      drivers/base/init.o
  LD      firmware/built-in.o
  LD      drivers/block/built-in.o
  CC      drivers/cpufreq/cpufreq.o
  CC      net/socket.o
  CC      drivers/base/map.o
  CC      kernel/stacktrace.o
  CC      fs/mpage.o
  CC      drivers/bluetooth/hci_h4.o
  CC      drivers/char/random.o
  CC      drivers/base/devres.o
  CC      kernel/irq/handle.o
  CC      drivers/base/attribute_container.o
  CC      arch/arm/mach-msm/htc_headset_mgr.o
  CC      kernel/irq/manage.o
  CC      drivers/bluetooth/hci_ll.o
  CC      drivers/cpufreq/cpufreq_stats.o
  CC      fs/ioprio.o
  CC      drivers/base/transport_class.o
  CC      drivers/char/tty_io.o
  CC      drivers/cpufreq/cpufreq_performance.o
  CC      drivers/base/power/sysfs.o
  CC      drivers/cpufreq/cpufreq_powersave.o
  CC      fs/cifs/cifsfs.o
  CC      kernel/irq/spurious.o
  CC      drivers/base/power/main.o
  CC      drivers/cpufreq/cpufreq_userspace.o
  LD      net/802/built-in.o
  CC      net/bluetooth/af_bluetooth.o
  LD      drivers/bluetooth/hci_uart.o
  LD      drivers/bluetooth/built-in.o
  CC      kernel/irq/resend.o
  CC      arch/arm/mach-msm/htc_headset_gpio.o
  CC      drivers/char/n_tty.o
  CC      kernel/irq/chip.o
  CC      drivers/cpufreq/cpufreq_ondemand.o
  CC      arch/arm/mach-msm/htc_headset_microp.o
  CC      drivers/base/power/generic_ops.o
  CC      net/bluetooth/hci_core.o
  CC      fs/cifs/cifssmb.o
  CC      kernel/irq/devres.o
  LD      drivers/base/power/built-in.o
  CC      drivers/base/dma-mapping.o
  CC      drivers/cpufreq/cpufreq_conservative.o
  CC      kernel/irq/autoprobe.o
  CC      kernel/irq/proc.o
  CC      drivers/base/dma-coherent.o
  CC      arch/arm/mach-msm/gpio.o
  CC      drivers/base/firmware_class.o
  CC      drivers/base/module.o
  CC      kernel/irq/pm.o
  CC      drivers/cpufreq/cpufreq_smartass.o
  CC      kernel/power/main.o
  CC      arch/arm/mach-msm/generic_gpio.o
  LD      kernel/irq/built-in.o
  CC      kernel/power/console.o
  CC      drivers/char/tty_ioctl.o
  CC      drivers/char/tty_ldisc.o
  CC      arch/arm/mach-msm/pmu.o
  CC      drivers/cpufreq/freq_table.o
  CC      kernel/power/process.o
  LD      drivers/base/built-in.o
  CC      net/bluetooth/hci_conn.o
  CC      kernel/power/suspend.o
  LD      arch/arm/mach-msm/built-in.o
  CC      kernel/power/nvs.o
  LD      drivers/cpufreq/built-in.o
  CC      kernel/power/wakelock.o
  CC      kernel/power/userwakelock.o
  CC      fs/cifs/cifs_debug.o
  CC      net/core/sock.o
  CC      net/ethernet/eth.o
  CC      drivers/char/tty_buffer.o
  CC      net/core/request_sock.o
  CC      net/bluetooth/hci_event.o
  CC      kernel/power/earlysuspend.o
  CC      drivers/char/tty_port.o
  LD      net/ethernet/built-in.o
  LD      net/ieee802154/built-in.o
  CC      net/ipv4/route.o
  CC      net/ipv6/af_inet6.o
  CC      net/key/af_key.o
  CC      kernel/power/fbearlysuspend.o
  CC      drivers/char/pty.o
  CC      kernel/power/poweroff.o
  LD      kernel/power/built-in.o
  CC      kernel/time/timekeeping.o
  CC      drivers/char/misc.o
  CC      net/core/skbuff.o
  CC      fs/cifs/connect.o
  CC      net/ipv6/anycast.o
  CC      drivers/char/sysrq.o
  CC      kernel/time/ntp.o
  LD      drivers/char/built-in.o
  LD      drivers/crypto/built-in.o
  CC      net/bluetooth/hci_sock.o
  LD      drivers/firmware/built-in.o
  CC      drivers/gpio/gpiolib.o
  CC      kernel/time/clocksource.o
  CC      net/ipv6/ip6_output.o
  CC      net/ipv4/inetpeer.o
  LD      net/key/built-in.o
  CC      net/ipv6/ip6_input.o
  CC      kernel/time/jiffies.o
  CC      kernel/time/timer_list.o
  LD      drivers/gpio/built-in.o
  LD      drivers/gpu/drm/i2c/built-in.o
  LD      drivers/gpu/drm/built-in.o
  LD      drivers/gpu/vga/built-in.o
  LD      drivers/gpu/built-in.o
  CC      drivers/hid/hid-core.o
  CC      net/bluetooth/hci_sysfs.o
  CC      net/ipv4/protocol.o
  CC      net/core/iovec.o
  CC      kernel/time/timecompare.o
  CC      net/core/datagram.o
  CC      kernel/time/timeconv.o
  CC      net/ipv4/ip_input.o
  CC      net/bluetooth/lib.o
  CC      net/ipv6/addrconf.o
  CC      kernel/time/clockevents.o
  CC      fs/cifs/dir.o
  CC      kernel/time/tick-common.o
  CC      drivers/hid/hid-input.o
  CC      kernel/time/tick-oneshot.o
  CC      net/bluetooth/l2cap.o
  CC      net/core/stream.o
  CC      net/ipv4/ip_fragment.o
  CC      net/core/scm.o
  CC      kernel/time/tick-sched.o
  CC      fs/cifs/file.o
  CC      kernel/time/timer_stats.o
  CC      net/core/gen_stats.o
  LD      arch/arm/lib/built-in.o
  AS      arch/arm/lib/ashldi3.o
  AS      arch/arm/lib/ashrdi3.o
  AS      arch/arm/lib/backtrace.o
  AS      arch/arm/lib/changebit.o
  CC      net/ipv4/ip_forward.o
  AS      arch/arm/lib/clear_user.o
  AS      arch/arm/lib/clearbit.o
  LD      kernel/time/built-in.o
  AS      arch/arm/lib/copy_from_user.o
  CC      kernel/mutex-debug.o
  AS      arch/arm/lib/copy_page.o
  AS      arch/arm/lib/copy_to_user.o
  AS      arch/arm/lib/csumipv6.o
  CC      net/core/gen_estimator.o
  AS      arch/arm/lib/csumpartial.o
  AS      arch/arm/lib/csumpartialcopy.o
  AS      arch/arm/lib/csumpartialcopyuser.o
  CC      arch/arm/lib/delay.o
  CC      kernel/futex.o
  AS      arch/arm/lib/div64.o
  AS      arch/arm/lib/findbit.o
  AS      arch/arm/lib/getuser.o
  CC      drivers/hid/hid-debug.o
  AS      arch/arm/lib/io-readsb.o
  AS      arch/arm/lib/io-readsl.o
  AS      arch/arm/lib/io-readsw-armv4.o
  AS      arch/arm/lib/io-writesb.o
  AS      arch/arm/lib/io-writesl.o
  CC      net/ipv4/ip_options.o
  AS      arch/arm/lib/io-writesw-armv4.o
  AS      arch/arm/lib/lib1funcs.o
  AS      arch/arm/lib/lshrdi3.o
  AS      arch/arm/lib/memchr.o
  CC      net/core/net_namespace.o
  AS      arch/arm/lib/memcpy.o
  AS      arch/arm/lib/memmove.o
  AS      arch/arm/lib/memset.o
  AS      arch/arm/lib/memzero.o
  AS      arch/arm/lib/muldi3.o
  AS      arch/arm/lib/putuser.o
  AS      arch/arm/lib/setbit.o
  AS      arch/arm/lib/sha1.o
  AS      arch/arm/lib/strchr.o
  AS      arch/arm/lib/strncpy_from_user.o
  AS      arch/arm/lib/strnlen_user.o
  LD      drivers/hid/hid.o
  AS      arch/arm/lib/strrchr.o
  LD      drivers/hid/built-in.o
  CC      drivers/i2c/i2c-boardinfo.o
  AS      arch/arm/lib/testchangebit.o
  AS      arch/arm/lib/testclearbit.o
  AS      arch/arm/lib/testsetbit.o
  AS      arch/arm/lib/ucmpdi2.o
  AR      arch/arm/lib/lib.a
  CC      drivers/i2c/i2c-core.o
  CC      net/core/sysctl_net_core.o
  CC      fs/cifs/inode.o
  CC      net/ipv6/addrlabel.o
  CC      net/ipv4/ip_output.o
  CC      net/ipv4/ip_sockglue.o
  CC      kernel/rtmutex.o
  CC      net/core/dev.o
  CC      net/ipv6/route.o
  LD      drivers/i2c/algos/built-in.o
  CC      drivers/i2c/busses/i2c-msm.o
  CC      kernel/up.o
  CC      kernel/uid16.o
  CC      kernel/module.o
  LD      drivers/i2c/busses/built-in.o
  CC      drivers/i2c/chips/akm8973.o
  CC      fs/cifs/link.o
  CC      net/ipv4/inet_hashtables.o
  CC      drivers/i2c/chips/tpa6130.o
  CC      net/ipv6/ip6_fib.o
  CC      fs/cifs/misc.o
  CC      drivers/i2c/chips/tpa2018d1.o
  CC      fs/cifs/netmisc.o
  CC      drivers/i2c/chips/adp1650_flashlight.o
  CC      net/ipv4/inet_timewait_sock.o
  CC      net/bluetooth/sco.o
  CC      net/ipv6/ipv6_sockglue.o
  CC      drivers/i2c/chips/smb329.o
  CC      kernel/kallsyms.o
  CC      kernel/cgroup.o
  CC      fs/cifs/smbdes.o
  CC      net/core/ethtool.o
  CC      fs/cifs/smbencrypt.o
  CC      net/ipv4/inet_connection_sock.o
  CC      net/ipv4/tcp.o
  LD      drivers/i2c/chips/built-in.o
  LD      drivers/i2c/built-in.o
  LD      drivers/idle/built-in.o
  LD      drivers/ieee1394/built-in.o
  LD      drivers/ieee802154/built-in.o
  CC      drivers/input/input.o
  CC      net/bluetooth/bnep/core.o
  CC      fs/cifs/transport.o
  CC      net/ipv6/ndisc.o
  CC      net/core/dev_addr_lists.o
  CC      net/core/dst.o
  CC      net/bluetooth/bnep/sock.o
  CC      fs/cifs/asn1.o
  CC      drivers/input/input-compat.o
  CC      kernel/cgroup_freezer.o
  CC      net/bluetooth/bnep/netdev.o
  CC      drivers/input/ff-core.o
  CC      net/core/netevent.o
  CC      net/core/neighbour.o
  CC      net/ipv6/udp.o
  CC      net/core/rtnetlink.o
  GZIP    kernel/config_data.gz
  CC      drivers/input/evdev.o
  CC      net/ipv4/tcp_input.o
  CC      kernel/res_counter.o
  CC      fs/cifs/md4.o
  LD      net/bluetooth/bnep/bnep.o
  LD      net/bluetooth/bnep/built-in.o
  CC      net/bluetooth/hidp/core.o
  CC      kernel/softlockup.o
  CC      fs/cifs/md5.o
  CC      drivers/input/misc/gpio_event.o
  CC      kernel/hung_task.o
  CC      fs/cifs/cifs_unicode.o
  CC      kernel/rcutree.o
  CC      drivers/input/misc/gpio_matrix.o
  CC      net/bluetooth/hidp/sock.o
  CC      kernel/utsname_sysctl.o
  CC      fs/cifs/nterr.o
  CC      fs/cifs/xattr.o
  CC      net/ipv6/udplite.o
  CC      lib/bcd.o
  CC      lib/div64.o
  CC      kernel/elfcore.o
  LD      net/bluetooth/hidp/hidp.o
  LD      net/bluetooth/hidp/built-in.o
  CC      net/bluetooth/rfcomm/core.o
  CC      net/core/utils.o
  CC      drivers/input/misc/gpio_input.o
  CC      kernel/slow-work.o
  CC      fs/cifs/cifsencrypt.o
  CC      lib/sort.o
  CC      net/ipv6/raw.o
  CC      lib/parser.o
  CC      lib/halfmd4.o
  CC      drivers/input/misc/gpio_output.o
  CC      net/core/link_watch.o
  CC      lib/debug_locks.o
  CC      kernel/time.o
  CC      fs/cifs/readdir.o
  CC      drivers/input/misc/gpio_axis.o
  CC      lib/random32.o
  CC      lib/bust_spinlocks.o
  CC      net/core/filter.o
  CC      drivers/input/misc/gpio_switch.o
  IKCFG   kernel/config_data.h
  CC      kernel/configs.o
  CC      lib/hexdump.o
  CC      net/ipv6/protocol.o
  CC      net/bluetooth/rfcomm/sock.o
  CC      net/ipv4/tcp_output.o
  LD      kernel/built-in.o
  CC      lib/kasprintf.o
  CC      net/bluetooth/rfcomm/tty.o
  CC      lib/bitmap.o
  CC      fs/cifs/ioctl.o
  CC      drivers/input/misc/keychord.o
  CC      net/ipv6/icmp.o
  CC      net/core/flow.o
  CC      drivers/input/misc/uinput.o
  CC      fs/cifs/sess.o
  CC      lib/scatterlist.o
  CC      fs/cifs/export.o
  CC      net/core/net-sysfs.o
  CC      lib/string_helpers.o
  LD      net/bluetooth/rfcomm/rfcomm.o
  LD      net/bluetooth/rfcomm/built-in.o
  CC      net/ipv6/mcast.o
  LD      net/bluetooth/bluetooth.o
  CC      drivers/input/misc/cm3602_lightsensor_microp.o
  LD      net/bluetooth/built-in.o
  CC      net/ipv6/reassembly.o
  CC      net/ipv6/tcp_ipv6.o
  CC      lib/gcd.o
  CC      fs/cifs/cifsacl.o
  CC      lib/lcm.o
  CC      lib/list_sort.o
  CC      net/ipv4/tcp_timer.o
  CC      net/core/fib_rules.o
  CC      lib/uuid.o
  LD      fs/cifs/cifs.o
  LD      fs/cifs/built-in.o
  CC      fs/debugfs/inode.o
  CC      lib/iomap_copy.o
  CC      drivers/input/misc/dummy_keypad.o
  CC      lib/devres.o
  CC      drivers/input/opticaljoystick/curcial.o
  CC      lib/find_last_bit.o
  CC      fs/debugfs/file.o
  CC      net/ipv4/tcp_ipv4.o
  CC      lib/hweight.o
  LD      net/core/built-in.o
  CC      lib/kernel_lock.o
  LD      drivers/input/misc/built-in.o
  CC      drivers/leds/led-core.o
  CC      lib/bitrev.o
  CC      net/ipv6/exthdrs.o
  CC      drivers/leds/led-class.o
  CC      lib/crc-ccitt.o
  CC      net/ipv6/datagram.o
  LD      fs/debugfs/debugfs.o
  LD      fs/debugfs/built-in.o
  CC      fs/devpts/inode.o
  CC      lib/crc16.o
  CC      drivers/leds/led-triggers.o
  LD      drivers/input/opticaljoystick/built-in.o
  CC      drivers/input/touchscreen/atmel.o
  HOSTCC  lib/gen_crc32table
  CC      lib/libcrc32c.o
  CC      lib/genalloc.o
  LD      fs/devpts/devpts.o
  LD      fs/devpts/built-in.o
  CC      drivers/leds/leds-gpio.o
  CC      fs/ext2/balloc.o
  CC      fs/ext2/dir.o
  CC      lib/reed_solomon/reed_solomon.o
  CC      drivers/leds/leds-cpld.o
  CC      fs/ext2/file.o
  CC      net/ipv6/ip6_flowlabel.o
  CC      net/ipv4/tcp_minisocks.o
  CC      fs/ext2/ialloc.o
  CC      fs/ext2/inode.o
  LD      lib/reed_solomon/built-in.o
  CC      lib/zlib_deflate/deflate.o
  CC      lib/zlib_deflate/deftree.o
  CC      drivers/leds/leds-microp.o
  CC      lib/zlib_deflate/deflate_syms.o
  CC      lib/zlib_inflate/inffast.o
  CC      net/ipv6/inet6_connection_sock.o
  CC      lib/zlib_inflate/inflate.o
  CC      net/ipv4/tcp_cong.o
  CC      drivers/input/keyreset.o
  CC      drivers/leds/ledtrig-timer.o
  LD      lib/zlib_deflate/zlib_deflate.o
  LD      lib/zlib_deflate/built-in.o
  CC      net/ipv4/datagram.o
  CC      fs/ext2/ioctl.o
  CC      drivers/leds/ledtrig-heartbeat.o
  LD      drivers/input/touchscreen/built-in.o
  CC      net/ipv4/raw.o
  CC      fs/ext2/namei.o
  CC      net/ipv6/sysctl_net_ipv6.o
  LD      drivers/input/input-core.o
  LD      drivers/input/built-in.o
  CC      lib/zlib_inflate/infutil.o
  CC      net/ipv6/xfrm6_policy.o
  CC      drivers/leds/ledtrig-sleep.o
  CC      lib/zlib_inflate/inftrees.o
  CC      net/netfilter/core.o
  CC      net/netlink/af_netlink.o
  CC      lib/zlib_inflate/inflate_syms.o
  LD      drivers/leds/built-in.o
  LD      drivers/lguest/built-in.o
  LD      drivers/macintosh/built-in.o
  CC      drivers/md/dm-uevent.o
  CC      fs/ext2/super.o
  LD      lib/zlib_inflate/zlib_inflate.o
  LD      lib/zlib_inflate/built-in.o
  CC      lib/textsearch.o
  CC      lib/ts_kmp.o
  CC      net/ipv6/xfrm6_state.o
  CC      net/ipv6/xfrm6_input.o
  CC      lib/ts_bm.o
  CC      drivers/md/dm.o
  CC      net/netfilter/nf_log.o
  CC      net/ipv4/udp.o
  CC      lib/ts_fsm.o
  CC      net/netlink/genetlink.o
  CC      lib/nlattr.o
  CC      net/ipv6/xfrm6_output.o
  CC      fs/ext2/symlink.o
  CC      net/netfilter/nf_queue.o
  CC      fs/ext2/xattr.o
  CC      net/netfilter/nf_sockopt.o
  CC      net/ipv6/netfilter.o
  CC      lib/argv_split.o
  CC      fs/ext2/xattr_user.o
  CC      lib/cmdline.o
  LD      net/netlink/built-in.o
  CC      lib/ctype.o
  CC      lib/dec_and_lock.o
  CC      drivers/md/dm-table.o
  CC      drivers/md/dm-target.o
  CC      net/netfilter/nf_conntrack_core.o
  CC      fs/ext2/xattr_trusted.o
  CC      fs/ext2/acl.o
  CC      lib/decompress.o
  CC      lib/decompress_inflate.o
  CC      net/ipv6/fib6_rules.o
  CC      net/ipv6/proc.o
  CC      lib/dump_stack.o
  CC      net/ipv6/ah6.o
  CC      net/ipv4/udplite.o
  CC      lib/extable.o
  CC      fs/ext2/xattr_security.o
  CC      lib/flex_array.o
  CC      drivers/md/dm-linear.o
  LD      fs/ext2/ext2.o
  CC      drivers/md/dm-stripe.o
  LD      fs/ext2/built-in.o
  CC      fs/ext3/balloc.o
  CC      lib/idr.o
  CC      net/packet/af_packet.o
  CC      net/ipv4/arp.o
  CC      fs/ext3/bitmap.o
  CC      net/ipv6/esp6.o
  CC      net/netfilter/nf_conntrack_standalone.o
  CC      drivers/md/dm-ioctl.o
  CC      lib/int_sqrt.o
  CC      drivers/md/dm-io.o
  CC      lib/ioremap.o
  CC      lib/irq_regs.o
  CC      fs/ext3/dir.o
  CC      lib/is_single_threaded.o
  CC      net/netfilter/nf_conntrack_expect.o
  CC      lib/klist.o
  CC      net/ipv6/ipcomp6.o
  CC      net/ipv4/icmp.o
  CC      drivers/md/dm-kcopyd.o
  CC      net/rfkill/core.o
  CC      lib/kobject.o
  CC      fs/ext3/file.o
  LD      net/packet/built-in.o
  CC      drivers/md/dm-sysfs.o
  CC      net/ipv6/xfrm6_tunnel.o
  CC      fs/ext3/fsync.o
  CC      net/ipv6/tunnel6.o
  CC      net/netfilter/nf_conntrack_helper.o
  CC      lib/kobject_uevent.o
  CC      drivers/md/dm-crypt.o
  CC      net/ipv4/devinet.o
  LD      net/rfkill/rfkill.o
  LD      net/rfkill/built-in.o
  CC      net/netfilter/nf_conntrack_proto.o
  CC      net/netfilter/nf_conntrack_l3proto_generic.o
  CC      net/ipv6/xfrm6_mode_transport.o
  CC      net/sched/sch_generic.o
  CC      lib/kref.o
  CC      lib/plist.o
  CC      net/unix/af_unix.o
  CC      fs/ext3/inode.o
  CC      lib/prio_heap.o
  CC      net/netfilter/nf_conntrack_proto_generic.o
  LD      drivers/md/dm-mod.o
  LD      drivers/md/built-in.o
  LD      drivers/media/IR/keymaps/built-in.o
  CC      lib/prio_tree.o
  CC      net/ipv6/xfrm6_mode_tunnel.o
  LD      drivers/media/IR/built-in.o
  LD      drivers/media/common/tuners/built-in.o
  LD      drivers/media/common/built-in.o
  CC      drivers/media/video/msm/msm_camera.o
  CC      lib/proportions.o
  CC      net/netfilter/nf_conntrack_proto_tcp.o
  CC      net/ipv4/af_inet.o
  CC      net/sched/sch_mq.o
  CC      lib/radix-tree.o
  CC      net/ipv6/xfrm6_mode_beet.o
  CC      net/sched/sch_api.o
  CC      lib/ratelimit.o
  CC      net/ipv6/mip6.o
  CC      lib/rbtree.o
  CC      net/unix/garbage.o
  CC      net/netfilter/nf_conntrack_proto_udp.o
  CC      fs/ext3/ioctl.o
  CC      lib/reciprocal_div.o
  CC      lib/rwsem.o
  CC      net/ipv4/igmp.o
  CC      drivers/media/video/msm/msm_vfe8x.o
  CC      fs/ext3/namei.o
  CC      lib/sha1.o
  LD      net/ipv6/netfilter/built-in.o
  CC      net/ipv6/sit.o
  CC      net/unix/sysctl_net_unix.o
  CC      net/netfilter/nf_conntrack_extend.o
  CC      lib/show_mem.o
  CC      net/sched/sch_blackhole.o
  CC      lib/string.o
  LD      net/unix/unix.o
  LD      net/unix/built-in.o
  CC      lib/vsprintf.o
  CC      drivers/media/video/msm/msm_vfe8x_proc.o
  CC      net/netfilter/nf_conntrack_acct.o
  CC      net/sched/cls_api.o
  CC      net/netfilter/nf_conntrack_ecache.o
  CC      net/ipv4/fib_frontend.o
  CC      net/wireless/wext-core.o
  CC      net/ipv6/ip6_tunnel.o
  CC      fs/ext3/super.o
  CC      net/netfilter/nf_conntrack_h323_main.o
  CC      net/sched/act_api.o
  CC      net/wireless/wext-proc.o
  GEN     lib/crc32table.h
  AR      lib/lib.a
  CC      lib/crc32.o
  CC      net/ipv4/fib_semantics.o
  LD      lib/built-in.o
  CC      net/sched/act_police.o
  CC      net/wireless/wext-priv.o
  CC      net/ipv6/addrconf_core.o
  CC      net/netfilter/nf_conntrack_h323_asn1.o
  CC      net/ipv6/exthdrs_core.o
  CC      drivers/media/video/msm/msm_io8x.o
  LD      net/wireless/built-in.o
  CC      net/ipv6/inet6_hashtables.o
  CC      net/sched/act_gact.o
  CC      fs/ext3/symlink.o
  CC      net/ipv4/inet_fragment.o
  CC      net/netfilter/nfnetlink.o
  CC      net/netfilter/nfnetlink_queue.o
  LD      drivers/media/video/msm/built-in.o
  LD      drivers/media/video/built-in.o
  LD      drivers/media/built-in.o
  LD      drivers/mfd/built-in.o
  CC      drivers/misc/pmem.o
  CC      fs/ext3/hash.o
  CC      drivers/misc/kernel_debugger.o
  CC      net/sched/act_mirred.o
  CC      net/ipv4/sysctl_net_ipv4.o
  CC      net/sched/sch_fifo.o
  LD      net/ipv6/ipv6.o
  CC      drivers/misc/uid_stat.o
  CC      fs/ext3/resize.o
  LD      net/ipv6/built-in.o
  LD      drivers/misc/cb710/built-in.o
  CC      net/sched/sch_htb.o
  CC      net/ipv4/sysfs_net_ipv4.o
  CC      net/sched/sch_ingress.o
  CC      net/netfilter/nfnetlink_log.o
  CC      drivers/mmc/card/block.o
  CC      drivers/mtd/mtdcore.o
  LD      drivers/misc/eeprom/built-in.o
  LD      drivers/misc/mpu3050/built-in.o
  CC      drivers/misc/bma150_spi.o
  CC      drivers/net/Space.o
  CC      fs/ext3/ext3_jbd.o
  CC      net/ipv4/fib_hash.o
  CC      drivers/mtd/mtdsuper.o
  LD      drivers/misc/built-in.o
  CC      fs/ext3/xattr.o
  CC      net/sched/cls_u32.o
  LD      net/netfilter/nf_conntrack.o
  CC      drivers/mmc/card/queue.o
  CC      drivers/net/loopback.o
  CC      net/netfilter/nf_conntrack_proto_dccp.o
  CC      drivers/mtd/mtdbdi.o
  CC      drivers/mtd/mtdpart.o
  CC      drivers/mmc/core/core.o
  CC      drivers/net/ppp_generic.o
  LD      drivers/mmc/card/mmc_block.o
  LD      drivers/mmc/card/built-in.o
  CC      drivers/mmc/core/bus.o
  CC      net/ipv4/proc.o
  CC      fs/ext3/xattr_user.o
  CC      net/sched/ematch.o
  CC      drivers/mtd/cmdlinepart.o
  CC      net/netfilter/nf_conntrack_proto_gre.o
  CC      drivers/mtd/mtdchar.o
  CC      drivers/mmc/core/host.o
  CC      fs/ext3/xattr_trusted.o
  CC      net/ipv4/fib_rules.o
  CC      net/sched/em_u32.o
  CC      drivers/mmc/core/mmc.o
  CC      fs/ext3/acl.o
  CC      net/ipv4/esp4.o
  CC      net/netfilter/nf_conntrack_proto_sctp.o
  CC      drivers/mtd/mtd_blkdevs.o
  LD      net/sched/built-in.o
  CC      drivers/mtd/mtdblock.o
  CC      drivers/mmc/core/mmc_ops.o
  CC      drivers/mmc/core/sd.o
  CC      fs/ext3/xattr_security.o
  CC      drivers/net/ppp_async.o
  CC      net/netfilter/nf_conntrack_proto_udplite.o
  CC      drivers/mtd/chips/chipreg.o
  CC      net/ipv4/tunnel4.o
  CC      net/ipv4/xfrm4_mode_transport.o
  CC      net/xfrm/xfrm_policy.o
  LD      drivers/mtd/chips/built-in.o
  LD      fs/ext3/ext3.o
  CC      drivers/mtd/devices/msm_nand.o
  LD      fs/ext3/built-in.o
  CC      drivers/mmc/core/sd_ops.o
  CC      fs/ext4/balloc.o
  CC      net/netfilter/nf_conntrack_netlink.o
  CC      fs/ext4/bitmap.o
  CC      net/ipv4/netfilter.o
  CC      drivers/mmc/core/sdio.o
  CC      drivers/net/ppp_deflate.o
  CC      drivers/mmc/core/sdio_ops.o
  CC      drivers/net/bsd_comp.o
  CC      fs/ext4/dir.o
  CC      drivers/net/ppp_mppe.o
  CC      net/ipv4/netfilter/nf_nat_rule.o
  CC      drivers/mmc/core/sdio_bus.o
  LD      drivers/mtd/devices/built-in.o
  LD      drivers/mtd/lpddr/built-in.o
  LD      drivers/mtd/maps/built-in.o
  CC      drivers/mtd/nand/nand_ids.o
  LD      drivers/mtd/onenand/built-in.o
  CC      drivers/net/pppox.o
  CC      net/ipv4/netfilter/nf_nat_standalone.o
  CC      drivers/mmc/core/sdio_cis.o
  CC      fs/ext4/file.o
  LD      drivers/mtd/nand/built-in.o
  LD      drivers/mtd/tests/built-in.o
  LD      drivers/mtd/mtd.o
  LD      drivers/mtd/built-in.o
  CC      net/ipv4/netfilter/nf_conntrack_l3proto_ipv4.o
  CC      drivers/net/pppolac.o
  CC      fs/fat/cache.o
  CC      drivers/mmc/core/sdio_io.o
  CC      net/xfrm/xfrm_state.o
  CC      fs/ext4/fsync.o
  CC      net/netfilter/nf_conntrack_amanda.o
  CC      fs/ext4/ialloc.o
  CC      drivers/mmc/core/sdio_irq.o
  CC      drivers/net/pppopns.o
  CC      fs/fat/dir.o
  CC      net/ipv4/netfilter/nf_conntrack_proto_icmp.o
  CC      net/ipv4/netfilter/nf_conntrack_l3proto_ipv4_compat.o
  CC      net/netfilter/nf_conntrack_ftp.o
  CC      drivers/mmc/core/debugfs.o
  CC      drivers/net/slhc.o
  LD      drivers/mmc/core/mmc_core.o
  LD      drivers/mmc/core/built-in.o
  CC      drivers/net/dummy.o
  CC      drivers/mmc/host/msm_sdcc.o
  CC      net/ipv4/netfilter/nf_nat_core.o
  CC      fs/ext4/inode.o
  LD      net/netfilter/nf_conntrack_h323.o
  CC      net/netfilter/nf_conntrack_irc.o
  CC      net/netfilter/nf_conntrack_netbios_ns.o
  CC      net/xfrm/xfrm_hash.o
  CC      drivers/net/ifb.o
  CC      fs/fat/fatent.o
  CC      drivers/net/tun.o
  CC      net/xfrm/xfrm_input.o
  CC      net/netfilter/nf_conntrack_pptp.o
  CC      net/ipv4/netfilter/nf_nat_helper.o
  CC      net/netfilter/nf_conntrack_sane.o
  CC      fs/fat/file.o
  LD      drivers/mmc/host/built-in.o
  CC      net/xfrm/xfrm_output.o
  LD      drivers/mmc/built-in.o
  CC      net/netfilter/nf_conntrack_sip.o
  CC      net/ipv4/inet_diag.o
  CC      net/ipv4/netfilter/nf_nat_proto_unknown.o
  CC      net/ipv4/tcp_diag.o
  CC      fs/fat/inode.o
  LD      drivers/net/arm/built-in.o
  CC      net/xfrm/xfrm_algo.o
  LD      drivers/net/wireless/built-in.o
  LD      drivers/net/wireless/bcm4329_204/built-in.o
  CC [M]  drivers/net/wireless/bcm4329_204/dhd_linux.o
  CC      net/ipv4/netfilter/nf_nat_proto_common.o
  CC [M]  drivers/net/wireless/bcm4329_204/linux_osl.o
  CC [M]  drivers/net/wireless/bcm4329_204/bcmutils.o
  CC      net/ipv4/netfilter/nf_nat_proto_tcp.o
  CC      net/netfilter/nf_conntrack_tftp.o
  CC      net/xfrm/xfrm_sysctl.o
  CC      fs/ext4/ioctl.o
  CC      net/xfrm/xfrm_ipcomp.o
  CC      fs/fat/misc.o
  CC      net/ipv4/netfilter/nf_nat_proto_udp.o
  CC      net/netfilter/x_tables.o
  CC      net/ipv4/netfilter/nf_nat_proto_icmp.o
  CC      fs/fat/namei_vfat.o
  CC      drivers/net/msm_rmnet.o
  CC      fs/ext4/namei.o
  LD      net/xfrm/built-in.o
  CC      fs/fuse/dev.o
  CC      net/sysctl_net.o
  CC      net/ipv4/netfilter/nf_defrag_ipv4.o
  CC [M]  drivers/net/wireless/bcm4329_204/dhd_common.o
  CC      net/ipv4/netfilter/nf_nat_amanda.o
  CC      net/activity_stats.o
  CC      net/netfilter/xt_tcpudp.o
  LD      fs/fat/fat.o
  LD      fs/fat/vfat.o
  LD      fs/fat/built-in.o
  CC      net/ipv4/netfilter/nf_nat_ftp.o
  CC      fs/jbd/transaction.o
  CC      fs/jbd/commit.o
  CC [M]  drivers/net/wireless/bcm4329_204/dhd_custom_gpio.o
  CC [M]  drivers/net/wireless/bcm4329_204/wl_iw.o
  CC      net/ipv4/netfilter/nf_nat_h323.o
  CC      fs/fuse/dir.o
  CC      net/netfilter/xt_mark.o
  CC      fs/ext4/super.o
  CC      fs/ext4/symlink.o
  CC      net/netfilter/xt_connmark.o
  CC      fs/ext4/hash.o
  CC      fs/jbd/recovery.o
  CC      fs/fuse/file.o
  CC      net/ipv4/netfilter/nf_nat_irc.o
  CC      net/netfilter/xt_CLASSIFY.o
  CC      net/netfilter/xt_LED.o
  LD      drivers/platform/built-in.o
  CC      net/ipv4/tcp_cubic.o
  CC      fs/jbd/checkpoint.o
  CC      net/ipv4/xfrm4_policy.o
  CC      net/netfilter/xt_NFQUEUE.o
  CC      net/ipv4/netfilter/nf_nat_pptp.o
  CC      fs/jbd/revoke.o
  CC      fs/jbd/journal.o
  CC      net/netfilter/xt_TCPMSS.o
  CC      fs/fuse/inode.o
  CC      net/netfilter/xt_comment.o
  CC      net/ipv4/netfilter/nf_nat_sip.o
  CC      net/netfilter/xt_connbytes.o
  CC      fs/ext4/resize.o
  CC      net/ipv4/xfrm4_state.o
  CC      net/netfilter/xt_connlimit.o
  CC      net/ipv4/netfilter/nf_nat_tftp.o
  LD      fs/jbd/jbd.o
  LD      fs/jbd/built-in.o
  CC [M]  drivers/net/wireless/bcm4329_204/siutils.o
  CC      fs/jbd2/transaction.o
  CC      fs/fuse/control.o
  CC      fs/nls/nls_base.o
  CC      net/ipv4/netfilter/nf_nat_proto_dccp.o
  CC      fs/ext4/extents.o
  CC      fs/nls/nls_cp437.o
  CC      net/netfilter/xt_conntrack.o
  LD      fs/fuse/fuse.o
  LD      fs/fuse/built-in.o
  CC      net/netfilter/xt_hashlimit.o
  CC [M]  drivers/net/wireless/bcm4329_204/sbutils.o
  CC      fs/nls/nls_iso8859-1.o
  LD      fs/nls/built-in.o
  CC [M]  drivers/net/wireless/bcm4329_204/aiutils.o
  CC      net/ipv4/netfilter/nf_nat_proto_gre.o
  CC [M]  drivers/net/wireless/bcm4329_204/hndpmu.o
  CC      fs/notify/fsnotify.o
  CC      fs/jbd2/commit.o
  CC      net/ipv4/netfilter/nf_nat_proto_udplite.o
  CC      fs/jbd2/recovery.o
  CC      net/netfilter/xt_helper.o
  CC      fs/notify/notification.o
  CC      net/netfilter/xt_hl.o
  CC [M]  drivers/net/wireless/bcm4329_204/bcmwifi.o
  CC      net/ipv4/netfilter/nf_nat_proto_sctp.o
  CC      fs/notify/group.o
  CC [M]  drivers/net/wireless/bcm4329_204/dhd_sdio.o
  CC      net/netfilter/xt_iprange.o
  CC      net/ipv4/xfrm4_input.o
  CC      net/ipv4/xfrm4_output.o
  CC      fs/notify/inode_mark.o
  CC      fs/jbd2/checkpoint.o
  CC      fs/ext4/ext4_jbd2.o
  CC      net/ipv4/netfilter/ip_tables.o
  CC      net/netfilter/xt_length.o
  LD      fs/notify/dnotify/built-in.o
  CC      fs/notify/inotify/inotify.o
  CC      fs/notify/inotify/inotify_fsnotify.o
  CC      net/ipv4/netfilter/iptable_filter.o
  CC      fs/ext4/migrate.o
  LD      net/ipv4/netfilter/iptable_nat.o
  CC      fs/jbd2/revoke.o
  CC      fs/notify/inotify/inotify_user.o
  CC      net/netfilter/xt_limit.o
  CC      fs/jbd2/journal.o
  CC      net/netfilter/xt_mac.o
  CC      fs/ext4/mballoc.o
  CC      net/netfilter/xt_multiport.o
  CC      net/ipv4/netfilter/ipt_addrtype.o
  CC [M]  drivers/net/wireless/bcm4329_204/dhd_linux_sched.o
  LD      fs/notify/inotify/built-in.o
  LD      fs/notify/built-in.o
  CC      fs/ext4/block_validity.o
  CC      drivers/power/power_supply_core.o
  CC      net/netfilter/xt_owner.o
  CC      drivers/power/power_supply_sysfs.o
  CC      net/ipv4/netfilter/ipt_ah.o
  CC      drivers/power/power_supply_leds.o
  CC      net/netfilter/xt_pkttype.o
  CC      fs/partitions/check.o
  LD      drivers/power/power_supply.o
  LD      drivers/power/built-in.o
  CC      net/ipv4/netfilter/ipt_ecn.o
  CC      net/ipv4/netfilter/ipt_LOG.o
  CC      drivers/regulator/core.o
  CC      net/netfilter/xt_policy.o
  CC [M]  drivers/net/wireless/bcm4329_204/dhd_cdc.o
  CC      net/netfilter/xt_quota.o
  LD      fs/jbd2/jbd2.o
  LD      fs/jbd2/built-in.o
  CC      fs/partitions/msdos.o
  CC      drivers/rtc/rtc-lib.o
  CC      drivers/rtc/hctosys.o
  CC      net/netfilter/xt_state.o
  CC      drivers/serial/serial_core.o
  CC      net/ipv4/netfilter/ipt_MASQUERADE.o
  LD      fs/partitions/built-in.o
  CC      net/netfilter/xt_statistic.o
  CC      drivers/rtc/class.o
  CC      drivers/rtc/interface.o
  CC      net/ipv4/netfilter/ipt_NETMAP.o
  CC      net/netfilter/xt_string.o
  CC      net/ipv4/netfilter/ipt_REDIRECT.o
  CC      drivers/regulator/tps65023-regulator.o
  CC [M]  drivers/net/wireless/bcm4329_204/bcmsdh_sdmmc.o
  CC      fs/ext4/move_extent.o
  CC      drivers/rtc/alarm.o
  CC      net/netfilter/xt_tcpmss.o
  CC      drivers/rtc/alarm-dev.o
  CC      net/ipv4/netfilter/ipt_REJECT.o
  LD      drivers/regulator/built-in.o
  CC      drivers/rtc/rtc-msm7x00a.o
  CC      drivers/serial/msm_serial.o
  CC      drivers/serial/msm_serial_debugger.o
  CC [M]  drivers/net/wireless/bcm4329_204/bcmsdh.o
  CC      drivers/serial/msm_serial_hs.o
  CC      net/netfilter/xt_time.o
  LD      drivers/rtc/rtc-core.o
  LD      drivers/rtc/built-in.o
  CC      fs/proc/mmu.o
  LD      fs/ext4/ext4.o
  LD      fs/ext4/built-in.o
  CC      drivers/serial/msm_serial_hs_ti.o
  LD      fs/quota/built-in.o
  CC      net/ipv4/netfilter/arp_tables.o
  CC      drivers/serial/msm_serial_hs_bcm.o
  CC      fs/proc/task_mmu.o
  CC      fs/proc/inode.o
  CC      net/netfilter/xt_u32.o
  CC [M]  drivers/net/wireless/bcm4329_204/bcmsdh_linux.o
  CC [M]  drivers/net/wireless/bcm4329_204/bcmsdh_sdmmc_linux.o
  CC      net/ipv4/netfilter/arpt_mangle.o
  LD      net/netfilter/netfilter.o
  LD      net/netfilter/built-in.o
  CC      fs/proc/root.o
  CC      drivers/serial/msm_serial_hs_brcm.o
  CC      fs/proc/base.o
  CC      fs/ramfs/inode.o
  CC      fs/ramfs/file-mmu.o
  CC      drivers/spi/spi.o
  CC      drivers/spi/spi_qsd.o
  CC [M]  drivers/net/wireless/bcm4329_204/sha1.o
  CC [M]  drivers/net/wireless/bcm4329_204/md5.o
  CC      net/ipv4/netfilter/arptable_filter.o
  LD      fs/ramfs/ramfs.o
  LD      fs/ramfs/built-in.o
  LD      net/ipv4/netfilter/nf_conntrack_ipv4.o
  CC      fs/proc/generic.o
  LD      net/ipv4/netfilter/nf_nat.o
  CC      drivers/staging/staging.o
  LD      drivers/spi/built-in.o
  CC      drivers/switch/switch_class.o
  CC      drivers/staging/android/binder.o
  LD      net/ipv4/netfilter/built-in.o
  LD      net/ipv4/built-in.o
  CC      drivers/switch/switch_gpio.o
  LD      net/built-in.o
  CC      fs/proc/array.o
  LD      drivers/serial/built-in.o
  CC      fs/sysfs/inode.o
  CC      fs/proc/proc_tty.o
  LD      drivers/switch/built-in.o
  CC      drivers/staging/android/logger.o
  LD [M]  drivers/net/wireless/bcm4329_204/bcm4329.o
  CC      fs/yaffs2/yaffs_ecc.o
  LD      drivers/net/built-in.o
  CC      fs/eventpoll.o
  CC      fs/anon_inodes.o
  CC      fs/signalfd.o
  CC      fs/sysfs/file.o
  CC      fs/sysfs/dir.o
  CC      fs/proc/cmdline.o
  CC      fs/yaffs2/yaffs_fs.o
  CC      fs/proc/cpuinfo.o
  CC      fs/yaffs2/yaffs_guts.o
  CC      fs/proc/devices.o
  CC      fs/yaffs2/yaffs_checkptrw.o
  CC      drivers/staging/android/ram_console.o
  CC      fs/sysfs/symlink.o
  CC      fs/proc/interrupts.o
  CC      fs/proc/loadavg.o
  CC      drivers/usb/gadget/msm72k_udc.o
  CC      drivers/usb/otg/otg.o
  CC      drivers/video/fb_notify.o
  CC      fs/proc/meminfo.o
  CC      fs/sysfs/mount.o
  CC      drivers/usb/otg/msm72k_otg.o
  CC      drivers/video/fbmem.o
  CC      drivers/video/fbmon.o
  CC      fs/proc/stat.o
  CC      fs/sysfs/bin.o
  CC      fs/proc/uptime.o
  CC      drivers/staging/android/timed_output.o
  CC      fs/sysfs/group.o
  CC      fs/proc/version.o
  CC      drivers/usb/gadget/android.o
  CC      drivers/staging/android/timed_gpio.o
  CC      drivers/video/fbcmap.o
  LD      fs/sysfs/built-in.o
  CC      fs/proc/softirqs.o
  CC      drivers/staging/android/lowmemorykiller.o
  CC      fs/timerfd.o
  CC      fs/proc/proc_sysctl.o
  CC      drivers/video/fbsysfs.o
  LD      drivers/staging/android/built-in.o
  LD      drivers/staging/built-in.o
  CC      drivers/video/modedb.o
  CC      drivers/video/fbcvt.o
  CC      fs/proc/proc_net.o
  LD      drivers/video/backlight/built-in.o
  CC      fs/eventfd.o
  CC      fs/proc/kmsg.o
  LD      drivers/usb/otg/built-in.o
  LD      drivers/video/display/built-in.o
  CC      fs/aio.o
  CC      fs/locks.o
  CC      drivers/usb/gadget/f_adb.o
  CC      drivers/video/msm/msm_fb.o
  CC      drivers/video/msm/logo.o
  CC      fs/proc/page.o
  CC      drivers/video/msm/mdp.o
  CC      fs/yaffs2/yaffs_packedtags1.o
  LD      drivers/video/omap2/displays/built-in.o
  LD      drivers/video/omap2/dss/built-in.o
  LD      fs/proc/proc.o
  LD      drivers/video/omap2/omapfb/built-in.o
  LD      drivers/video/omap2/built-in.o
  LD      fs/proc/built-in.o
  CC      fs/binfmt_script.o
  CC      drivers/video/cfbfillrect.o
  CC      fs/yaffs2/yaffs_packedtags2.o
  CC      drivers/usb/gadget/f_mass_storage.o
  CC      drivers/video/cfbcopyarea.o
  CC      drivers/video/cfbimgblt.o
  CC      fs/yaffs2/yaffs_nand.o
  CC      drivers/video/msm/mdp_hw_legacy.o
  CC      drivers/usb/gadget/f_serial.o
  CC      fs/binfmt_elf.o
  CC      drivers/video/output.o
  CC      drivers/video/msm/mdp_ppp.o
  CC      drivers/usb/gadget/u_serial.o
  CC      fs/yaffs2/yaffs_qsort.o
  LD      drivers/video/fb.o
  CC      drivers/video/msm/mdp_ppp31.o
  CC      drivers/usb/gadget/f_projector.o
  CC      drivers/usb/gadget/diag.o
  CC      fs/yaffs2/yaffs_tagscompat.o
  CC      drivers/video/msm/mddi.o
  CC      fs/mbcache.o
  CC      fs/yaffs2/yaffs_tagsvalidity.o
  CC      fs/posix_acl.o
  CC      fs/yaffs2/yaffs_mtdif.o
  CC      fs/yaffs2/yaffs_mtdif1.o
  CC      fs/xattr_acl.o
  CC      drivers/video/msm/mddi_client_dummy.o
  CC      fs/yaffs2/yaffs_mtdif2.o
  CC      drivers/video/msm/mddi_client_toshiba.o
  LD      drivers/usb/gadget/serial.o
  CC      drivers/video/msm/mddi_client_eid.o
  CC      drivers/video/msm/mddi_eid_cabc.o
  CC      drivers/video/msm/mddi_client_nt35399.o
  LD      drivers/usb/gadget/built-in.o
  CC      drivers/video/msm/mddi_client_s6d0154.o
  CC      drivers/video/msm/mddi_client_epson.o
  CC      drivers/video/msm/mddi_client_novb9f6_5410.o
  CC      drivers/video/msm/mddi_client_novb9f6_5582.o
  CC      drivers/video/msm/mddi_client_novb9f6_5580.o
  CC      drivers/video/msm/mddi_client_novb9f6_5560.o
  LD      fs/yaffs2/yaffs.o
  LD      fs/yaffs2/built-in.o
  CC      drivers/video/msm/mddi_client_renesas_R61408.o
  LD      fs/built-in.o
  CC      drivers/video/msm/mddi_client_renesas_R61531.o
  CC      drivers/video/msm/mddi_client_s6d04d1.o
  CC      drivers/video/msm/mddi_client_s6d05a0.o
  CC      drivers/video/msm/mddi_client_hx8356.o
  CC      drivers/video/msm/mddi_himax_cabc.o
  CC      drivers/video/msm/mdp_lcdc.o
  CC      drivers/video/msm/tvenc.o
  CC      drivers/video/msm/tvfb.o
  CC      drivers/video/msm/gpu/kgsl/kgsl_drawctxt.o
  CC      drivers/video/msm/gpu/kgsl/kgsl_cmdstream.o
  CC      drivers/video/msm/gpu/kgsl/kgsl.o
  CC      drivers/video/msm/gpu/kgsl/kgsl_log.o
  CC      drivers/video/msm/gpu/kgsl/kgsl_mmu.o
  CC      drivers/video/msm/gpu/kgsl/kgsl_ringbuffer.o
  CC      drivers/video/msm/gpu/kgsl/kgsl_sharedmem.o
  CC      drivers/video/msm/gpu/kgsl/kgsl_yamato.o
  LD      drivers/video/msm/gpu/kgsl/msm_kgsl.o
  LD      drivers/video/msm/gpu/kgsl/built-in.o
  LD      drivers/video/msm/built-in.o
  LD      drivers/video/built-in.o
  LD      drivers/built-in.o
  LD      vmlinux.o
  MODPOST vmlinux.o
  GEN     .version
  CHK     include/generated/compile.h
  UPD     include/generated/compile.h
  CC      init/version.o
  LD      init/built-in.o
  LD      .tmp_vmlinux1
  KSYM    .tmp_kallsyms1.S
  AS      .tmp_kallsyms1.o
  LD      .tmp_vmlinux2
  KSYM    .tmp_kallsyms2.S
  AS      .tmp_kallsyms2.o
  LD      vmlinux
  SYSMAP  System.map
  SYSMAP  .tmp_System.map
  OBJCOPY arch/arm/boot/Image
  Kernel: arch/arm/boot/Image is ready
  GZIP    arch/arm/boot/compressed/piggy.gzip
  AS      arch/arm/boot/compressed/head.o
  CC      arch/arm/boot/compressed/misc.o
  SHIPPED arch/arm/boot/compressed/lib1funcs.S
  CC      arch/arm/boot/compressed/decompress.o
  Building modules, stage 2.
  AS      arch/arm/boot/compressed/lib1funcs.o
  MODPOST 1 modules
  CC      drivers/net/wireless/bcm4329_204/bcm4329.mod.o
  LD [M]  drivers/net/wireless/bcm4329_204/bcm4329.ko
  AS      arch/arm/boot/compressed/piggy.gzip.o
  LD      arch/arm/boot/compressed/vmlinux
  OBJCOPY arch/arm/boot/zImage
  Kernel: arch/arm/boot/zImage is ready
