--- .config	2011-08-27 21:03:38.348353409 -0400
+++ config	2011-08-19 20:23:06.666186607 -0400
@@ -1,7 +1,7 @@
 #
 # Automatically generated make config: don't edit
 # Linux kernel version: 2.6.35.10
-# Sat Aug 27 21:03:38 2011
+# Mon Jul 18 19:33:35 2011
 #
 CONFIG_ARM=y
 CONFIG_SYS_SUPPORTS_APM_EMULATION=y
@@ -19,6 +19,7 @@
 CONFIG_GENERIC_IRQ_PROBE=y
 CONFIG_RWSEM_XCHGADD_ALGORITHM=y
 CONFIG_ARCH_HAS_CPUFREQ=y
+CONFIG_ARCH_HAS_CPU_IDLE_WAIT=y
 CONFIG_GENERIC_HWEIGHT=y
 CONFIG_GENERIC_CALIBRATE_DELAY=y
 CONFIG_NEED_DMA_MAP_STATE=y
@@ -133,8 +134,7 @@
 # GCOV-based kernel profiling
 #
 # CONFIG_GCOV_KERNEL is not set
-CONFIG_SLOW_WORK=y
-# CONFIG_SLOW_WORK_DEBUG is not set
+# CONFIG_SLOW_WORK is not set
 CONFIG_HAVE_GENERIC_DMA_COHERENT=y
 CONFIG_SLABINFO=y
 CONFIG_RT_MUTEXES=y
@@ -258,7 +258,9 @@
 CONFIG_ARCH_MSM_SCORPION=y
 # CONFIG_MSM_RPM is not set
 CONFIG_MSM_MDP31=y
-# CONFIG_PERFLOCK is not set
+CONFIG_PERFLOCK=y
+CONFIG_PERFLOCK_BOOT_LOCK=y
+# CONFIG_PERFLOCK_SCREEN_POLICY is not set
 CONFIG_MSM_AMSS_VERSION=3200
 # CONFIG_MSM_AMSS_VERSION_6210 is not set
 # CONFIG_MSM_AMSS_VERSION_6220 is not set
@@ -278,7 +280,7 @@
 # CONFIG_MSM_DEBUG_UART3 is not set
 # CONFIG_MSM_DEBUG_UART11 is not set
 # CONFIG_MSM_DEBUG_UART12 is not set
-# CONFIG_FORCE_WARNING_AS_ERROR is not set
+CONFIG_FORCE_WARNING_AS_ERROR=y
 
 #
 # MSM Board Type
@@ -292,6 +294,7 @@
 # CONFIG_MACH_INCREDIBLE is not set
 CONFIG_MACH_INCREDIBLEC=y
 # CONFIG_MACH_SUPERSONIC is not set
+# CONFIG_MACH_OBOEA is not set
 # CONFIG_ARCH_MSM7X30_LTE is not set
 # CONFIG_MSM_STACKED_MEMORY is not set
 CONFIG_PHYS_OFFSET=0x00200000
@@ -339,6 +342,8 @@
 # CONFIG_MSM_SERIAL_DEBUGGER_WAKEUP_IRQ_ALWAYS_ON is not set
 # CONFIG_MSM_SERIAL_DEBUGGER_CONSOLE is not set
 CONFIG_MSM_SMD=y
+# CONFIG_MSM_NONSMD_PACKET_FILTER is not set
+CONFIG_MSM_SMD0_WQ=y
 CONFIG_MSM_N_WAY_SMD=y
 CONFIG_MSM_ONCRPCROUTER=y
 # CONFIG_MSM_ONCRPCROUTER_DEBUG is not set
@@ -363,6 +368,7 @@
 CONFIG_MMC_BUSCLK_PWRSAVE=y
 # CONFIG_VIRTUAL_KPANIC_PARTITION is not set
 CONFIG_QSD_AUDIO=y
+# CONFIG_QSD_AUDIO_OBOEA is not set
 CONFIG_QSD_HTC_FM=y
 CONFIG_ARCH_MSM_FLASHLIGHT=y
 CONFIG_MICROP_COMMON=y
@@ -371,10 +377,10 @@
 CONFIG_HTC_HEADSET_GPIO=y
 CONFIG_HTC_HEADSET_MICROP=y
 # CONFIG_HTC_HEADSET_PMIC is not set
-# CONFIG_HTC_HEADSET_PMIC_ADC is not set
 # CONFIG_HTC_HEADSET_MISC is not set
 # CONFIG_HTC_HEADSET_8X60 is not set
 # CONFIG_HTC_ONMODE_CHARGING is not set
+# CONFIG_HTC_ACCESSORY_ONEWIRE is not set
 # CONFIG_BUILD_CIQ is not set
 # CONFIG_HTC_EXTDIAG is not set
 CONFIG_SMD_OFFSET_TCXO_STAT=0xFC2A0
@@ -384,6 +390,7 @@
 # CONFIG_MSM_NPA is not set
 # CONFIG_RPC_SIZE_1024 is not set
 # CONFIG_ACPUCLOCK_DEBUG is not set
+# CONFIG_ACPUCLK_SET_RATE_DEBUG is not set
 # CONFIG_ACPUCLOCK_LIMIT_768MHZ is not set
 # CONFIG_HTC_SMEM_MSMC1C2_DEBUG is not set
 # CONFIG_HTC_OFFMODE_ALARM is not set
@@ -394,7 +401,12 @@
 # CONFIG_MSM_STANDALONE_POWER_COLLAPSE is not set
 # CONFIG_MSM_GSBI9_UART is not set
 # CONFIG_SUPPORT_DQ_BATTERY is not set
-# CONFIG_PROC_COMM_7X30 is not set
+
+#
+# TI WLAN driver
+#
+# CONFIG_TIWLAN_SDIO is not set
+# CONFIG_MSM_KGSL_HC_MR1 is not set
 
 #
 # Processor Type
@@ -424,7 +436,6 @@
 CONFIG_HAS_TLS_REG=y
 CONFIG_ARM_L1_CACHE_SHIFT=5
 CONFIG_ARM_DMA_MEM_BUFFERABLE=y
-CONFIG_ARCH_HAS_BARRIERS=y
 # CONFIG_DONT_RESERVE_FROM_MOVABLE_ZONE is not set
 # CONFIG_RESERVE_FIRST_PAGE is not set
 CONFIG_CPU_HAS_PMU=y
@@ -473,12 +484,14 @@
 CONFIG_FLAT_NODE_MEM_MAP=y
 CONFIG_PAGEFLAGS_EXTENDED=y
 CONFIG_SPLIT_PTLOCK_CPUS=4
+# CONFIG_COMPACTION is not set
 # CONFIG_PHYS_ADDR_T_64BIT is not set
 CONFIG_ZONE_DMA_FLAG=0
 CONFIG_BOUNCE=y
 CONFIG_VIRT_TO_BUS=y
 # CONFIG_KSM is not set
 CONFIG_DEFAULT_MMAP_MIN_ADDR=32768
+# CONFIG_QCT_ASHMEM_CACHE_FLUSH is not set
 CONFIG_ALIGNMENT_TRAP=y
 # CONFIG_UACCESS_WITH_MEMCPY is not set
 CONFIG_CP_ACCESS=m
@@ -488,7 +501,7 @@
 #
 CONFIG_ZBOOT_ROM_TEXT=0x0
 CONFIG_ZBOOT_ROM_BSS=0x0
-CONFIG_CMDLINE="board_incrediblec.disable_uart3=0 board_incrediblec.usb_h2w_sw=0 board_incrediblec.disable_sdcard=0 diag.enabled=0 board_incrediblec.debug_uart=0 smisize=0 userdata_sel=1  androidboot.baseband=2.15.00.05.02 androidboot.cid=VZW__001 androidboot.carrier=COMMON androidboot.mid=PB3120000 androidboot.keycaps=qwerty androidboot.mode=normal androidboot.serialno=HT0C3HJ08393 androidboot.bootloader=0.92.0000 androidboot.hardware=inc no_console_suspend=1"
+CONFIG_CMDLINE="mem=64M console=ttyMSM,115200n8"
 # CONFIG_CMDLINE_FORCE is not set
 # CONFIG_XIP_KERNEL is not set
 # CONFIG_KEXEC is not set
@@ -507,15 +520,12 @@
 CONFIG_CPU_FREQ_DEFAULT_GOV_ONDEMAND=y
 # CONFIG_CPU_FREQ_DEFAULT_GOV_CONSERVATIVE is not set
 # CONFIG_CPU_FREQ_DEFAULT_GOV_INTERACTIVE is not set
-# CONFIG_CPU_FREQ_DEFAULT_GOV_SMARTASS is not set
 CONFIG_CPU_FREQ_GOV_PERFORMANCE=y
-CONFIG_CPU_FREQ_GOV_POWERSAVE=y
+# CONFIG_CPU_FREQ_GOV_POWERSAVE is not set
 CONFIG_CPU_FREQ_GOV_USERSPACE=y
 CONFIG_CPU_FREQ_GOV_ONDEMAND=y
 # CONFIG_CPU_FREQ_GOV_INTERACTIVE is not set
-CONFIG_CPU_FREQ_GOV_CONSERVATIVE=y
-CONFIG_CPU_FREQ_GOV_SMARTASS=y
-CONFIG_CPU_FREQ_VDD_LEVELS=y
+# CONFIG_CPU_FREQ_GOV_CONSERVATIVE is not set
 # CONFIG_CPU_IDLE is not set
 CONFIG_CPU_FREQ_MSM=y
 
@@ -584,6 +594,7 @@
 CONFIG_ASK_IP_FIB_HASH=y
 # CONFIG_IP_FIB_TRIE is not set
 CONFIG_IP_FIB_HASH=y
+# CONFIG_LARGE_TCP_INITIAL_BUFFER is not set
 CONFIG_IP_MULTIPLE_TABLES=y
 # CONFIG_IP_ROUTE_MULTIPATH is not set
 CONFIG_IP_ROUTE_VERBOSE=y
@@ -857,6 +868,7 @@
 # CONFIG_BT_BNEP_PROTO_FILTER is not set
 CONFIG_BT_HIDP=y
 # CONFIG_BT_HID_BRCM is not set
+# CONFIG_BT_TIHIDP is not set
 
 #
 # Bluetooth device drivers
@@ -1033,7 +1045,8 @@
 # CONFIG_EEPROM_MAX6875 is not set
 # CONFIG_EEPROM_93CX6 is not set
 # CONFIG_IWMC3200TOP is not set
-# CONFIG_SENSORS_MPU3050 is not set
+# CONFIG_MPU_SENSORS_MPU3050 is not set
+# CONFIG_MPU_SENSORS_TIMERIRQ is not set
 CONFIG_HAVE_IDE=y
 # CONFIG_IDE is not set
 
@@ -1063,7 +1076,7 @@
 # CONFIG_BONDING is not set
 # CONFIG_MACVLAN is not set
 # CONFIG_EQUALIZER is not set
-CONFIG_TUN=y
+# CONFIG_TUN is not set
 # CONFIG_VETH is not set
 # CONFIG_NET_ETHERNET is not set
 CONFIG_NETDEV_1000=y
@@ -1077,6 +1090,7 @@
 # CONFIG_BCM4329_248 is not set
 # CONFIG_BCM4329_CES is not set
 # CONFIG_BCM4330 is not set
+# CONFIG_BCM4330B2 is not set
 
 #
 # Enable WiMAX (Networking options) to see the WiMAX drivers
@@ -1132,6 +1146,7 @@
 CONFIG_INPUT_TOUCHSCREEN=y
 CONFIG_TOUCHSCREEN_ATMEL=y
 # CONFIG_TOUCHSCREEN_ADS7846 is not set
+# CONFIG_TOUCHSCREEN_AD7166 is not set
 # CONFIG_TOUCHSCREEN_AD7877 is not set
 # CONFIG_TOUCHSCREEN_AD7879_I2C is not set
 # CONFIG_TOUCHSCREEN_AD7879_SPI is not set
@@ -1198,6 +1213,7 @@
 #
 # Character devices
 #
+# CONFIG_LOCOSTO_PTMX_PTS_RAW_MODE is not set
 # CONFIG_VT is not set
 # CONFIG_DEVMEM is not set
 # CONFIG_DEVKMEM is not set
@@ -1215,6 +1231,7 @@
 # CONFIG_SERIAL_MAX3100 is not set
 CONFIG_SERIAL_CORE=y
 CONFIG_SERIAL_CORE_CONSOLE=y
+# CONFIG_LOCOSTO_UART2DM_HANDSHAKE is not set
 CONFIG_SERIAL_MSM=y
 # CONFIG_SERIAL_MSM_CONSOLE is not set
 # CONFIG_SERIAL_MSM_CLOCK_CONTROL is not set
@@ -1289,22 +1306,29 @@
 # CONFIG_SENSORS_AKM8976 is not set
 CONFIG_SENSORS_AKM8973=y
 # CONFIG_SENSORS_AKM8975 is not set
+# CONFIG_SENSORS_AKM8975_PANA_GYRO is not set
 # CONFIG_SENSORS_CAPSENSE is not set
 # CONFIG_SENSORS_CAPSENSE_EXPRESS is not set
 CONFIG_SMB329=y
 # CONFIG_TPS65200 is not set
 # CONFIG_SENSORS_BMA150 is not set
 # CONFIG_SENSORS_BMA250 is not set
+# CONFIG_SENSORS_PANASONIC_GYRO is not set
+# CONFIG_SENSORS_NFC_PN544 is not set
 # CONFIG_SENSORS_PCA963X is not set
 # CONFIG_SENSORS_MT9T013 is not set
+# CONFIG_VP_A1028 is not set
 CONFIG_AMP_TPA6130A=y
 CONFIG_AMP_TPA2018D1=y
 # CONFIG_AMP_TPA2051D3 is not set
 # CONFIG_AMP_TPA2026 is not set
 # CONFIG_AMP_TPA2028 is not set
+# CONFIG_AMP_AK4641 is not set
 # CONFIG_INPUT_ISL29028 is not set
 # CONFIG_INPUT_ISL29029 is not set
 # CONFIG_INPUT_CAPELLA_CM3628 is not set
+# CONFIG_INPUT_CAPELLA_CM3629 is not set
+# CONFIG_FLASHLIGHT_TPS61310 is not set
 # CONFIG_I2C_DEBUG_CORE is not set
 # CONFIG_I2C_DEBUG_ALGO is not set
 # CONFIG_I2C_DEBUG_BUS is not set
@@ -1446,6 +1470,7 @@
 # Multimedia drivers
 #
 # CONFIG_IR_CORE is not set
+# CONFIG_MSM_CAMERA_SHR_CT is not set
 
 #
 # Qualcomm MSM Camera And Video
@@ -1469,8 +1494,9 @@
 # CONFIG_S5K4E5YX is not set
 # CONFIG_S5K6AAFX is not set
 CONFIG_OV8810=y
+# CONFIG_OV8830 is not set
 # CONFIG_OV9665 is not set
-# CONFIG_S5K3H1GX is not set
+CONFIG_S5K3H1GX=y
 # CONFIG_S5K3H2YX is not set
 # CONFIG_MT9V113 is not set
 # CONFIG_DAB is not set
@@ -1507,6 +1533,8 @@
 # CONFIG_FB_METRONOME is not set
 # CONFIG_FB_MB862XX is not set
 # CONFIG_FB_BROADSHEET is not set
+CONFIG_MSM_KGSL_PAGE_TABLE_SIZE=0xFFF0000
+CONFIG_MSM_KGSL_PAGE_TABLE_COUNT=8
 CONFIG_FB_MSM=y
 CONFIG_FB_MSM_LEGACY_MDP=y
 CONFIG_FB_MSM_MDP_PPP=y
@@ -1520,6 +1548,8 @@
 CONFIG_MSM_KGSL_MMU=y
 # CONFIG_MSM_KGSL_PER_FD_PAGETABLE is not set
 # CONFIG_MSM_KGSL_MMU_PAGE_FAULT is not set
+CONFIG_MSM_KGSL_CONTEXTS=32
+CONFIG_KGSL_PER_PROCESS_PAGE_TABLE=y
 # CONFIG_MSM_HDMI is not set
 # CONFIG_BACKLIGHT_LCD_SUPPORT is not set
 
@@ -1599,10 +1629,14 @@
 # CONFIG_USB_ANDROID_QCT_DIAG is not set
 CONFIG_USB_ANDROID_MASS_STORAGE=y
 # CONFIG_USB_ANDROID_MTP is not set
+# CONFIG_USB_ANDROID_MTP36 is not set
 # CONFIG_USB_ANDROID_RNDIS is not set
+# CONFIG_USB_ANDROID_ACCESSORY is not set
 CONFIG_USB_ANDROID_SERIAL=y
 CONFIG_USB_ANDROID_PROJECTOR=y
 # CONFIG_USB_ANDROID_ECM is not set
+# CONFIG_USB_F_SERIAL_SMD is not set
+# CONFIG_USB_ANDROID_USBNET is not set
 # CONFIG_USB_CDC_COMPOSITE is not set
 # CONFIG_USB_G_NOKIA is not set
 # CONFIG_USB_G_MULTI is not set
@@ -1613,6 +1647,8 @@
 # CONFIG_DOCK_ACCESSORY_DETECT is not set
 # CONFIG_USB_BYPASS_VBUS_NOTIFY is not set
 # CONFIG_USB_HUB is not set
+# CONFIG_USB_GADGET_DYNAMIC_ENDPOINT is not set
+# CONFIG_USB_GADGET_VERIZON_PRODUCT_ID is not set
 
 #
 # OTG and related infrastructure
@@ -1630,11 +1666,13 @@
 # CONFIG_USB_FUNCTION is not set
 CONFIG_MMC=y
 # CONFIG_MMC_DEBUG is not set
+CONFIG_MMC_PERF_PROFILING=y
 CONFIG_MMC_UNSAFE_RESUME=y
 CONFIG_MMC_EMBEDDED_SDIO=y
 CONFIG_MMC_PARANOID_SD_INIT=y
 # CONFIG_SDIO_CES is not set
 CONFIG_WIMAX_MMC=""
+CONFIG_WIMAX_REQ_TIMEOUT=5000
 
 #
 # MMC/SD/SDIO Card Drivers
@@ -1646,6 +1684,7 @@
 # CONFIG_SDIO_UART is not set
 # CONFIG_MMC_TEST is not set
 # CONFIG_MMC_TI_SDIO_ADAPT is not set
+# CONFIG_MMC_PUSHPULL_INIT is not set
 
 #
 # MMC/SD/SDIO Host Controller Drivers
@@ -1771,12 +1810,13 @@
 CONFIG_ANDROID_BINDER_IPC=y
 CONFIG_ANDROID_LOGGER=y
 CONFIG_ANDROID_RAM_CONSOLE=y
-# CONFIG_ANDROID_RAM_CONSOLE_ENABLE_VERBOSE is not set
+CONFIG_ANDROID_RAM_CONSOLE_ENABLE_VERBOSE=y
 CONFIG_ANDROID_RAM_CONSOLE_ERROR_CORRECTION=y
 CONFIG_ANDROID_RAM_CONSOLE_ERROR_CORRECTION_DATA_SIZE=128
 CONFIG_ANDROID_RAM_CONSOLE_ERROR_CORRECTION_ECC_SIZE=16
 CONFIG_ANDROID_RAM_CONSOLE_ERROR_CORRECTION_SYMBOL_SIZE=8
 CONFIG_ANDROID_RAM_CONSOLE_ERROR_CORRECTION_POLYNOMIAL=0x11d
+# CONFIG_MDM9K_ERROR_CORRECTION is not set
 # CONFIG_ANDROID_RAM_CONSOLE_EARLY_INIT is not set
 CONFIG_ANDROID_TIMED_OUTPUT=y
 CONFIG_ANDROID_TIMED_GPIO=y
@@ -1794,9 +1834,9 @@
 # Texas Instruments shared transport line discipline
 #
 # CONFIG_TI_ST is not set
-# CONFIG_ST_BT is not set
 # CONFIG_ADIS16255 is not set
-# CONFIG_BTPORT is not set
+CONFIG_BTPORT=y
+CONFIG_BTPORT_DRV=y
 
 #
 # File systems
@@ -1811,13 +1851,9 @@
 CONFIG_EXT3_FS_XATTR=y
 CONFIG_EXT3_FS_POSIX_ACL=y
 CONFIG_EXT3_FS_SECURITY=y
-CONFIG_EXT4_FS=y
-# CONFIG_EXT4_FS_XATTR is not set
-# CONFIG_EXT4_DEBUG is not set
+# CONFIG_EXT4_FS is not set
 CONFIG_JBD=y
 # CONFIG_JBD_DEBUG is not set
-CONFIG_JBD2=y
-CONFIG_JBD2_DEBUG=y
 CONFIG_FS_MBCACHE=y
 # CONFIG_REISERFS_FS is not set
 # CONFIG_JFS_FS is not set
@@ -1906,12 +1942,7 @@
 # CONFIG_NFSD is not set
 # CONFIG_SMB_FS is not set
 # CONFIG_CEPH_FS is not set
-CONFIG_CIFS=y
-# CONFIG_CIFS_STATS is not set
-# CONFIG_CIFS_WEAK_PW_HASH is not set
-# CONFIG_CIFS_XATTR is not set
-# CONFIG_CIFS_DEBUG2 is not set
-# CONFIG_CIFS_EXPERIMENTAL is not set
+# CONFIG_CIFS is not set
 # CONFIG_NCP_FS is not set
 # CONFIG_CODA_FS is not set
 # CONFIG_AFS_FS is not set
@@ -1996,6 +2027,7 @@
 # CONFIG_DEBUG_RT_MUTEXES is not set
 # CONFIG_RT_MUTEX_TESTER is not set
 # CONFIG_DEBUG_SPINLOCK is not set
+# CONFIG_SPINLOCK_FOOTPRINT is not set
 CONFIG_DEBUG_MUTEXES=y
 # CONFIG_DEBUG_LOCK_ALLOC is not set
 # CONFIG_PROVE_LOCKING is not set
